<?xml version="1.0" encoding="UTF-8"?>
<testng-results ignored="0" total="6" passed="6" failed="0" skipped="0">
  <reporter-output>
  </reporter-output>
  <suite started-at="2021-01-14T14:43:40Z" name="AllTestsSuite" finished-at="2021-01-14T14:44:44Z" duration-ms="63728">
    <groups>
    </groups>
    <test started-at="2021-01-14T14:43:40Z" name="TestAssigment" finished-at="2021-01-14T14:44:44Z" duration-ms="63728">
      <class name="WebTest">
        <test-method is-config="true" signature="setUp()[pri:0, instance:WebTest@6ca8564a]" started-at="2021-01-14T14:43:40Z" name="setUp" finished-at="2021-01-14T14:43:53Z" duration-ms="13475" status="PASS">
          <reporter-output>
          </reporter-output>
        </test-method> <!-- setUp -->
        <test-method is-config="true" signature="beforeClass()[pri:0, instance:WebTest@6ca8564a]" started-at="2021-01-14T14:43:53Z" name="beforeClass" finished-at="2021-01-14T14:43:53Z" duration-ms="0" status="PASS">
          <reporter-output>
          </reporter-output>
        </test-method> <!-- beforeClass -->
        <test-method is-config="true" signature="goToBaseUrl()[pri:0, instance:WebTest@6ca8564a]" started-at="2021-01-14T14:43:53Z" name="goToBaseUrl" finished-at="2021-01-14T14:43:59Z" duration-ms="5856" status="PASS">
          <reporter-output>
          </reporter-output>
        </test-method> <!-- goToBaseUrl -->
        <test-method signature="testBodyDisplayed()[pri:0, instance:WebTest@6ca8564a]" started-at="2021-01-14T14:43:59Z" name="testBodyDisplayed" finished-at="2021-01-14T14:43:59Z" duration-ms="155" status="PASS">
          <reporter-output>
          </reporter-output>
        </test-method> <!-- testBodyDisplayed -->
        <test-method is-config="true" signature="goToBaseUrl()[pri:0, instance:WebTest@6ca8564a]" started-at="2021-01-14T14:43:59Z" name="goToBaseUrl" finished-at="2021-01-14T14:44:02Z" duration-ms="2793" status="PASS">
          <reporter-output>
          </reporter-output>
        </test-method> <!-- goToBaseUrl -->
        <test-method signature="testSearchBox()[pri:1, instance:WebTest@6ca8564a]" started-at="2021-01-14T14:44:02Z" name="testSearchBox" finished-at="2021-01-14T14:44:08Z" duration-ms="5553" status="PASS">
          <reporter-output>
          </reporter-output>
        </test-method> <!-- testSearchBox -->
        <test-method is-config="true" signature="goToBaseUrl()[pri:0, instance:WebTest@6ca8564a]" started-at="2021-01-14T14:44:08Z" name="goToBaseUrl" finished-at="2021-01-14T14:44:11Z" duration-ms="2991" status="PASS">
          <reporter-output>
          </reporter-output>
        </test-method> <!-- goToBaseUrl -->
        <test-method signature="testAutoComplete()[pri:2, instance:WebTest@6ca8564a]" started-at="2021-01-14T14:44:11Z" name="testAutoComplete" finished-at="2021-01-14T14:44:20Z" duration-ms="9820" status="PASS">
          <reporter-output>
          </reporter-output>
        </test-method> <!-- testAutoComplete -->
        <test-method is-config="true" signature="goToBaseUrl()[pri:0, instance:WebTest@6ca8564a]" started-at="2021-01-14T14:44:20Z" name="goToBaseUrl" finished-at="2021-01-14T14:44:27Z" duration-ms="6748" status="PASS">
          <reporter-output>
          </reporter-output>
        </test-method> <!-- goToBaseUrl -->
        <test-method signature="testDropDownButton()[pri:3, instance:WebTest@6ca8564a]" started-at="2021-01-14T14:44:27Z" name="testDropDownButton" finished-at="2021-01-14T14:44:34Z" duration-ms="7198" status="PASS">
          <reporter-output>
          </reporter-output>
        </test-method> <!-- testDropDownButton -->
        <test-method is-config="true" signature="goToBaseUrl()[pri:0, instance:WebTest@6ca8564a]" started-at="2021-01-14T14:44:34Z" name="goToBaseUrl" finished-at="2021-01-14T14:44:38Z" duration-ms="3156" status="PASS">
          <reporter-output>
          </reporter-output>
        </test-method> <!-- goToBaseUrl -->
        <test-method signature="testQuickViewButton()[pri:4, instance:WebTest@6ca8564a]" started-at="2021-01-14T14:44:38Z" name="testQuickViewButton" finished-at="2021-01-14T14:44:39Z" duration-ms="1825" status="PASS">
          <reporter-output>
          </reporter-output>
        </test-method> <!-- testQuickViewButton -->
        <test-method is-config="true" signature="goToBaseUrl()[pri:0, instance:WebTest@6ca8564a]" started-at="2021-01-14T14:44:39Z" name="goToBaseUrl" finished-at="2021-01-14T14:44:43Z" duration-ms="3104" status="PASS">
          <reporter-output>
          </reporter-output>
        </test-method> <!-- goToBaseUrl -->
        <test-method signature="testAddToCartButton()[pri:5, instance:WebTest@6ca8564a]" started-at="2021-01-14T14:44:43Z" name="testAddToCartButton" finished-at="2021-01-14T14:44:43Z" duration-ms="853" status="PASS">
          <reporter-output>
          </reporter-output>
        </test-method> <!-- testAddToCartButton -->
        <test-method is-config="true" signature="tearDown()[pri:0, instance:WebTest@6ca8564a]" started-at="2021-01-14T14:44:43Z" name="tearDown" finished-at="2021-01-14T14:44:44Z" duration-ms="170" status="PASS">
          <reporter-output>
          </reporter-output>
        </test-method> <!-- tearDown -->
      </class> <!-- WebTest -->
    </test> <!-- TestAssigment -->
  </suite> <!-- AllTestsSuite -->
</testng-results>
