<?xml version="1.0" encoding="UTF-8"?>
<testsuite xmlns:xsi="http://www.w3.org/2001/XMLSchema-instance" xsi:noNamespaceSchemaLocation="https://maven.apache.org/surefire/maven-surefire-plugin/xsd/surefire-test-report.xsd" name="TestSuite" time="65.799" tests="6" errors="0" skipped="0" failures="0">
  <properties>
[...]
</properties>
  <testcase name="testBodyDisplayed" classname="WebTest" time="0.153"/>
  <testcase name="testSearchBox" classname="WebTest" time="5.553"/>
  <testcase name="testAutoComplete" classname="WebTest" time="9.819"/>
  <testcase name="testDropDownButton" classname="WebTest" time="7.173"/>
  <testcase name="testQuickViewButton" classname="WebTest" time="1.824"/>
  <testcase name="testAddToCartButton" classname="WebTest" time="0.853"/>
</testsuite>