<?xml version="1.0" encoding="UTF-8"?>
<!-- Generated by org.testng.reporters.JUnitXMLReporter -->
<testsuite ignored="0" hostname="DESKTOP-Q987UGQ" failures="0" tests="6" name="TestAssigment" time="63.728" errors="0" timestamp="14 sij 2021 14:44:44 GMT">
  <testcase classname="WebTest" name="testBodyDisplayed" time="0.155"/>
  <testcase classname="WebTest" name="testSearchBox" time="5.553"/>
  <testcase classname="WebTest" name="testAutoComplete" time="9.82"/>
  <testcase classname="WebTest" name="testDropDownButton" time="7.198"/>
  <testcase classname="WebTest" name="testQuickViewButton" time="1.825"/>
  <testcase classname="WebTest" name="testAddToCartButton" time="0.853"/>
</testsuite> <!-- TestAssigment -->
